Call the cslick correlation function as follows:
cslick=correlation(x1,y1,x2,y2,hc)
where (x1,y1) and (x2,y2) are two differently and unevenly sampled series to be correlated,
in this implementation these are numpy arrays. Optional argument hc (default=0.4) is a coefficient to
tune  how closely data from the two series must be to be included in the calculation.

test_series1.txt
0.000000 1.000000
0.023899 0.999714
0.345613 0.940868
0.346900 0.940431
0.449598 0.900622
0.642898 0.800362
0.724639 0.748738
0.823231 0.679855
0.911134 0.612850
0.970813 0.564629
1.033490 0.511822
1.037290 0.508559
1.153550 0.405243
1.181180 0.379829
1.191440 0.370325
1.218360 0.345186
1.314510 0.253487
1.407560 0.162516
1.500960 0.069784
1.570796 0.000000

test_series2.txt
0.000000 0.000000
0.081899 0.081808
0.131803 0.131422
0.292904 0.288734
0.348032 0.341049
0.396368 0.386070
0.503053 0.482103
0.548555 0.521455
0.631930 0.590703
0.658470 0.611907
0.717948 0.657840
0.880715 0.771194
1.097950 0.890277
1.106780 0.894262
1.116090 0.898389
1.133040 0.905705
1.225150 0.940858
1.276890 0.957121
1.502960 0.997700
1.570796 1.000000

Correlation: -0.902820323526
